<?xml version="1.0" encoding="UTF-8"?>
<testsuite name="com.jojoldu.book.springboot.web.dto.HelloResponseDtoTest" tests="1" skipped="0" failures="0" errors="0" timestamp="2023-04-24T02:59:27" hostname="gim-yeonsuui-MacBookAir.local" time="0.027">
  <properties/>
  <testcase name="롬복_기능_테스트" classname="com.jojoldu.book.springboot.web.dto.HelloResponseDtoTest" time="0.027"/>
  <system-out><![CDATA[]]></system-out>
  <system-err><![CDATA[]]></system-err>
</testsuite>
